Starting a Gradle Daemon (subsequent builds will be faster)
> Task :compileJava UP-TO-DATE
> Task :processResources
> Task :classes
> Task :resolveMainClassName

> Task :bootRun

  .   ____          _            __ _ _
 /\\ / ___'_ __ _ _(_)_ __  __ _ \ \ \ \
( ( )\___ | '_ | '_| | '_ \/ _` | \ \ \ \
 \\/  ___)| |_)| | | | | || (_| |  ) ) ) )
  '  |____| .__|_| |_|_| |_\__, | / / / /
 =========|_|==============|___/=/_/_/_/

 :: Spring Boot ::               (v3.5.10)

2026-01-25T09:34:30.517Z  INFO 5067 --- [sqlconsole] [  restartedMain] w.p.sqlconsole.SqlConsoleApplication     : Starting SqlConsoleApplication using Java 21.0.9 with PID 5067 (/app/build/classes/java/main started by jules in /app)
2026-01-25T09:34:30.520Z  INFO 5067 --- [sqlconsole] [  restartedMain] w.p.sqlconsole.SqlConsoleApplication     : The following 1 profile is active: "h2"
2026-01-25T09:34:30.569Z  INFO 5067 --- [sqlconsole] [  restartedMain] .e.DevToolsPropertyDefaultsPostProcessor : Devtools property defaults active! Set 'spring.devtools.add-properties' to 'false' to disable
2026-01-25T09:34:30.569Z  INFO 5067 --- [sqlconsole] [  restartedMain] .e.DevToolsPropertyDefaultsPostProcessor : For additional web related logging consider setting the 'logging.level.web' property to 'DEBUG'
2026-01-25T09:34:31.304Z  INFO 5067 --- [sqlconsole] [  restartedMain] .s.d.r.c.RepositoryConfigurationDelegate : Bootstrapping Spring Data JPA repositories in DEFAULT mode.
2026-01-25T09:34:31.412Z  INFO 5067 --- [sqlconsole] [  restartedMain] .s.d.r.c.RepositoryConfigurationDelegate : Finished Spring Data repository scanning in 99 ms. Found 3 JPA repository interfaces.
2026-01-25T09:34:32.031Z  INFO 5067 --- [sqlconsole] [  restartedMain] o.s.b.w.embedded.tomcat.TomcatWebServer  : Tomcat initialized with port 8080 (http)
2026-01-25T09:34:32.046Z  INFO 5067 --- [sqlconsole] [  restartedMain] o.apache.catalina.core.StandardService   : Starting service [Tomcat]
2026-01-25T09:34:32.046Z  INFO 5067 --- [sqlconsole] [  restartedMain] o.apache.catalina.core.StandardEngine    : Starting Servlet engine: [Apache Tomcat/10.1.50]
2026-01-25T09:34:32.083Z  INFO 5067 --- [sqlconsole] [  restartedMain] o.a.c.c.C.[Tomcat].[localhost].[/]       : Initializing Spring embedded WebApplicationContext
2026-01-25T09:34:32.085Z  INFO 5067 --- [sqlconsole] [  restartedMain] w.s.c.ServletWebServerApplicationContext : Root WebApplicationContext: initialization completed in 1514 ms
2026-01-25T09:34:32.254Z  INFO 5067 --- [sqlconsole] [  restartedMain] o.hibernate.jpa.internal.util.LogHelper  : HHH000204: Processing PersistenceUnitInfo [name: default]
2026-01-25T09:34:32.298Z  INFO 5067 --- [sqlconsole] [  restartedMain] org.hibernate.Version                    : HHH000412: Hibernate ORM core version 6.6.41.Final
2026-01-25T09:34:32.328Z  INFO 5067 --- [sqlconsole] [  restartedMain] o.h.c.internal.RegionFactoryInitiator    : HHH000026: Second-level cache disabled
2026-01-25T09:34:32.629Z  INFO 5067 --- [sqlconsole] [  restartedMain] o.s.o.j.p.SpringPersistenceUnitInfo      : No LoadTimeWeaver setup: ignoring JPA class transformer
2026-01-25T09:34:32.891Z  WARN 5067 --- [sqlconsole] [  restartedMain] org.hibernate.dialect.Dialect            : HHH000511: The 2.3.232 version for [org.hibernate.dialect.PostgreSQLDialect] is no longer supported, hence certain features may not work properly. The minimum supported version is 12.0.0. Check the community dialects project for available legacy versions.
2026-01-25T09:34:32.897Z  WARN 5067 --- [sqlconsole] [  restartedMain] org.hibernate.orm.deprecation            : HHH90000025: PostgreSQLDialect does not need to be specified explicitly using 'hibernate.dialect' (remove the property setting and it will be selected by default)
2026-01-25T09:34:33.761Z  INFO 5067 --- [sqlconsole] [  restartedMain] o.h.e.t.j.p.i.JtaPlatformInitiator       : HHH000489: No JTA platform available (set 'hibernate.transaction.jta.platform' to enable JTA platform integration)
2026-01-25T09:34:33.803Z  INFO 5067 --- [sqlconsole] [  restartedMain] j.LocalContainerEntityManagerFactoryBean : Initialized JPA EntityManagerFactory for persistence unit 'default'
2026-01-25T09:34:34.205Z  WARN 5067 --- [sqlconsole] [  restartedMain] JpaBaseConfiguration$JpaWebConfiguration : spring.jpa.open-in-view is enabled by default. Therefore, database queries may be performed during view rendering. Explicitly configure spring.jpa.open-in-view to disable this warning
2026-01-25T09:34:34.459Z  INFO 5067 --- [sqlconsole] [  restartedMain] r$InitializeUserDetailsManagerConfigurer : Global AuthenticationManager configured with UserDetailsService bean with name authService
2026-01-25T09:34:34.725Z  INFO 5067 --- [sqlconsole] [  restartedMain] o.s.b.a.h2.H2ConsoleAutoConfiguration    : H2 console available at '/h2-console'. Database available at 'jdbc:h2:mem:testdb'
2026-01-25T09:34:34.799Z  INFO 5067 --- [sqlconsole] [  restartedMain] o.s.b.d.a.OptionalLiveReloadServer       : LiveReload server is running on port 35729
2026-01-25T09:34:34.829Z  INFO 5067 --- [sqlconsole] [  restartedMain] o.s.b.w.embedded.tomcat.TomcatWebServer  : Tomcat started on port 8080 (http) with context path '/'
2026-01-25T09:34:34.840Z  INFO 5067 --- [sqlconsole] [  restartedMain] w.p.sqlconsole.SqlConsoleApplication     : Started SqlConsoleApplication in 4.823 seconds (process running for 5.249)
2026-01-25T09:34:35.461Z  INFO 5067 --- [sqlconsole] [  restartedMain] w.p.sqlconsole.SqlConsoleApplication     : ✅ 預設使用者已建立：user/1234, admin/1234
2026-01-25T09:34:35.467Z  INFO 5067 --- [sqlconsole] [  restartedMain] w.p.sqlconsole.SqlConsoleApplication     : ✅ 預設資料庫連線已建立
2026-01-25T09:35:44.624Z  INFO 5067 --- [sqlconsole] [nio-8080-exec-1] o.a.c.c.C.[Tomcat].[localhost].[/]       : Initializing Spring DispatcherServlet 'dispatcherServlet'
2026-01-25T09:35:44.625Z  INFO 5067 --- [sqlconsole] [nio-8080-exec-1] o.s.web.servlet.DispatcherServlet        : Initializing Servlet 'dispatcherServlet'
2026-01-25T09:35:44.626Z  INFO 5067 --- [sqlconsole] [nio-8080-exec-1] o.s.web.servlet.DispatcherServlet        : Completed initialization in 1 ms
